<?xml version="1.0" encoding="UTF-8"?>
<!DOCTYPE properties SYSTEM "http://java.sun.com/dtd/properties.dtd">
<properties>
	<comment>test-query.xml file</comment>
	
	<!-- TB_TEST 테이블 INSERT SQL -->
	<entry key = "insert"> 
		INSERT INTO TB_TEST
		VALUES(?, ?, ?)
		<!-- 이 내용이 prop.Properties에 저장됨 -->
	</entry>

	<entry key = "update">
		UPDATE TB_TEST SET TEST_TITLE = ?, TEST_CONTENT = ? WHERE TEST_NO = ?
		<!--UPDATE TB_TEST SET TEST_TITLE = '제목2', TEST_CONTENT = '내용2' 
		WHERE TEST_NO = 1;  -->
	</entry>
</properties>
